<?xml version="1.0" encoding="UTF-8"?>
<!-- Generated by org.testng.reporters.JUnitXMLReporter -->
<testsuite ignored="0" hostname="DESKTOP-V6E6QIF" failures="0" tests="5" name="Default test" time="18.674" errors="0" timestamp="2025-05-14T16:32:44 EDT">
  <testcase classname="testCases.TC02_Login" name="testLogin" time="3.213"/>
  <testcase classname="testCases.TC02_Login" name="testLogin" time="2.415"/>
  <testcase classname="testCases.TC02_Login" name="testLogin" time="2.469"/>
  <testcase classname="testCases.TC02_Login" name="testLogin" time="2.647"/>
  <testcase classname="testCases.TC02_Login" name="testLogin" time="2.491"/>
</testsuite> <!-- Default test -->
