<?xml version="1.0" encoding="UTF-8"?>
<!-- Generated by org.testng.reporters.JUnitXMLReporter -->
<testsuite ignored="0" hostname="DESKTOP-V6E6QIF" failures="1" tests="12" name="edgeTest" time="244.168" errors="0" timestamp="2025-05-17T20:22:13 EDT">
  <testcase classname="testCases.TC006_AddAffiliate" name="login" time="10.4"/>
  <testcase classname="testCases.TC01_LaunchApplication" name="testLaunchApplication" time="0.025"/>
  <testcase classname="testCases.TC03_AddToCart" name="testAddToCart" time="5.914"/>
  <testcase classname="testCases.TC_04_CompletePurchase" name="checkOut" time="13.0">
    <skipped/>
  </testcase> <!-- checkOut -->
  <testcase classname="testCases.TC_04_CompletePurchase" name="checkOut" time="71.144">
    <skipped/>
  </testcase> <!-- checkOut -->
  <testcase classname="testCases.TC_04_CompletePurchase" name="checkOut" time="70.642">
    <failure type="java.lang.AssertionError" message="Test failed due to unexpected error.">
      <![CDATA[java.lang.AssertionError: Test failed due to unexpected error.
at testCases.TC_04_CompletePurchase.checkOut(TC_04_CompletePurchase.java:78)
at java.base/java.util.ArrayList.forEach(ArrayList.java:1596)
at java.base/java.util.concurrent.FutureTask.run(FutureTask.java:317)
at java.base/java.util.concurrent.ThreadPoolExecutor.runWorker(ThreadPoolExecutor.java:1144)
at java.base/java.util.concurrent.ThreadPoolExecutor$Worker.run(ThreadPoolExecutor.java:642)
at java.base/java.lang.Thread.run(Thread.java:1583)
... Removed 16 stack frames]]>
    </failure>
  </testcase> <!-- checkOut -->
  <testcase classname="testCases.TC02_Login" name="testLogin" time="3.888"/>
  <testcase classname="testCases.TC02_Login" name="testLogin" time="3.084"/>
  <testcase classname="testCases.TC02_Login" name="testLogin" time="2.841"/>
  <testcase classname="testCases.TC02_Login" name="testLogin" time="3.162"/>
  <testcase classname="testCases.TC02_Login" name="testLogin" time="2.87"/>
  <testcase classname="testCases.TC05__AddToWishList" name="addToWishList" time="6.938"/>
</testsuite> <!-- edgeTest -->
