<?xml version="1.0" encoding="UTF-8"?>
<!-- Generated by org.testng.reporters.JUnitXMLReporter -->
<testsuite ignored="0" hostname="DESKTOP-V6E6QIF" failures="0" tests="10" name="Test" time="64.516" errors="0" timestamp="2025-05-14T17:34:25 EDT">
  <testcase classname="testCases.TC006_AddAffiliate" name="login" time="7.906"/>
  <testcase classname="testCases.TC01_LaunchApplication" name="testLaunchApplication" time="0.019"/>
  <testcase classname="testCases.TC03_AddToCart" name="testAddToCart" time="4.104"/>
  <testcase classname="testCases.TC_04_CompletePurchase" name="checkOut" time="9.59"/>
  <testcase classname="testCases.TC02_Login" name="testLogin" time="3.125"/>
  <testcase classname="testCases.TC02_Login" name="testLogin" time="2.389"/>
  <testcase classname="testCases.TC02_Login" name="testLogin" time="2.542"/>
  <testcase classname="testCases.TC02_Login" name="testLogin" time="2.789"/>
  <testcase classname="testCases.TC02_Login" name="testLogin" time="2.521"/>
  <testcase classname="testCases.TC05__AddToWishList" name="addToWishList" time="6.578"/>
</testsuite> <!-- Test -->
