<?xml version="1.0" encoding="UTF-8"?>
<!-- Generated by org.testng.reporters.JUnitXMLReporter -->
<testsuite ignored="0" hostname="DESKTOP-V6E6QIF" failures="1" tests="12" name="chromeTest" time="120.997" errors="0" timestamp="2025-05-21T16:20:26 EDT">
  <testcase classname="testCases.TC006_AddAffiliate" name="login" time="15.171"/>
  <testcase classname="testCases.TC01_LaunchApplication" name="testLaunchApplication" time="0.351"/>
  <testcase classname="testCases.TC03_AddToCart" name="testAddToCart" time="8.142"/>
  <testcase classname="testCases.TC_04_CompletePurchase" name="checkOut" time="20.229"/>
  <testcase classname="testCases.TC02_Login" name="testLogin" time="4.658"/>
  <testcase classname="testCases.TC02_Login" name="testLogin" time="4.123"/>
  <testcase classname="testCases.TC02_Login" name="testLogin" time="3.262"/>
  <testcase classname="testCases.TC02_Login" name="testLogin" time="3.218"/>
  <testcase classname="testCases.TC02_Login" name="testLogin" time="4.132"/>
  <testcase classname="testCases.TC05__AddToWishList" name="addToWishList" time="5.815">
    <skipped/>
  </testcase> <!-- addToWishList -->
  <testcase classname="testCases.TC05__AddToWishList" name="addToWishList" time="5.303">
    <skipped/>
  </testcase> <!-- addToWishList -->
  <testcase classname="testCases.TC05__AddToWishList" name="addToWishList" time="4.65">
    <failure type="java.lang.AssertionError" message="Test failed due to unexpected exception.">
      <![CDATA[java.lang.AssertionError: Test failed due to unexpected exception.
at testCases.TC05__AddToWishList.addToWishList(TC05__AddToWishList.java:65)
at java.base/java.util.ArrayList.forEach(ArrayList.java:1511)
at java.base/java.util.concurrent.FutureTask.run(FutureTask.java:264)
at java.base/java.util.concurrent.ThreadPoolExecutor.runWorker(ThreadPoolExecutor.java:1136)
at java.base/java.util.concurrent.ThreadPoolExecutor$Worker.run(ThreadPoolExecutor.java:635)
at java.base/java.lang.Thread.run(Thread.java:842)
... Removed 18 stack frames]]>
    </failure>
  </testcase> <!-- addToWishList -->
</testsuite> <!-- chromeTest -->
