<?xml version="1.0" encoding="UTF-8"?>
<!-- Generated by org.testng.reporters.JUnitXMLReporter -->
<testsuite ignored="0" hostname="DESKTOP-V6E6QIF" failures="0" tests="5" name="edgeTest" time="162.822" errors="0" timestamp="2025-05-21T16:21:05 EDT">
  <testcase classname="testCases.TC006_AddAffiliate" name="login" time="10.672"/>
  <testcase classname="testCases.TC01_LaunchApplication" name="testLaunchApplication" time="0.023"/>
  <testcase classname="testCases.TC03_AddToCart" name="testAddToCart" time="5.473"/>
  <testcase classname="testCases.TC_04_CompletePurchase" name="checkOut" time="10.538">
    <skipped/>
  </testcase> <!-- checkOut -->
  <testcase classname="testCases.TC_04_CompletePurchase" name="checkOut" time="72.061">
    <skipped/>
  </testcase> <!-- checkOut -->
</testsuite> <!-- edgeTest -->
